<?xml version="1.0" encoding="UTF-8"?>
<!-- Generated by org.testng.reporters.JUnitXMLReporter -->
<testsuite ignored="0" hostname="DESKTOP-OD4QQKM" failures="0" tests="5" name="Default test" time="43.542" errors="0" timestamp="2024-01-30T17:37:08 IST">
  <testcase classname="project.others" name="testHoverAndClick" time="4.081"/>
  <testcase classname="project.others" name="testScrollUsingJavaScript" time="6.703"/>
  <testcase classname="project.others" name="scrolldown1" time="8.072"/>
  <testcase classname="project.others" name="shoppingtocart" time="6.702"/>
  <testcase classname="project.others" name="checkout" time="13.747"/>
</testsuite> <!-- Default test -->
