<?xml version="1.0" encoding="UTF-8"?>
<testng-results ignored="0" total="5" passed="5" failed="0" skipped="0">
  <reporter-output>
  </reporter-output>
  <suite started-at="2024-01-30T17:36:24 IST" name="Default suite" finished-at="2024-01-30T17:37:08 IST" duration-ms="43542">
    <groups>
    </groups>
    <test started-at="2024-01-30T17:36:24 IST" name="Default test" finished-at="2024-01-30T17:37:08 IST" duration-ms="43542">
      <class name="project.others">
        <test-method is-config="true" signature="setup()[pri:0, instance:project.others@6adbc9d]" started-at="2024-01-30T17:36:24 IST" name="setup" finished-at="2024-01-30T17:36:28 IST" duration-ms="3626" status="PASS">
          <reporter-output>
          </reporter-output>
        </test-method> <!-- setup -->
        <test-method signature="testHoverAndClick()[pri:1, instance:project.others@6adbc9d]" started-at="2024-01-30T17:36:28 IST" name="testHoverAndClick" finished-at="2024-01-30T17:36:32 IST" duration-ms="4081" status="PASS">
          <reporter-output>
          </reporter-output>
        </test-method> <!-- testHoverAndClick -->
        <test-method signature="testScrollUsingJavaScript()[pri:2, instance:project.others@6adbc9d]" started-at="2024-01-30T17:36:32 IST" name="testScrollUsingJavaScript" finished-at="2024-01-30T17:36:39 IST" duration-ms="6703" status="PASS">
          <reporter-output>
          </reporter-output>
        </test-method> <!-- testScrollUsingJavaScript -->
        <test-method signature="scrolldown1()[pri:3, instance:project.others@6adbc9d]" started-at="2024-01-30T17:36:39 IST" name="scrolldown1" finished-at="2024-01-30T17:36:47 IST" duration-ms="8072" status="PASS">
          <reporter-output>
          </reporter-output>
        </test-method> <!-- scrolldown1 -->
        <test-method signature="shoppingtocart()[pri:4, instance:project.others@6adbc9d]" started-at="2024-01-30T17:36:47 IST" name="shoppingtocart" finished-at="2024-01-30T17:36:53 IST" duration-ms="6702" status="PASS">
          <reporter-output>
          </reporter-output>
        </test-method> <!-- shoppingtocart -->
        <test-method signature="checkout()[pri:5, instance:project.others@6adbc9d]" started-at="2024-01-30T17:36:53 IST" name="checkout" finished-at="2024-01-30T17:37:07 IST" duration-ms="13747" status="PASS">
          <reporter-output>
          </reporter-output>
        </test-method> <!-- checkout -->
        <test-method is-config="true" signature="cleanup()[pri:0, instance:project.others@6adbc9d]" started-at="2024-01-30T17:37:07 IST" name="cleanup" finished-at="2024-01-30T17:37:08 IST" duration-ms="540" status="PASS">
          <reporter-output>
          </reporter-output>
        </test-method> <!-- cleanup -->
      </class> <!-- project.others -->
    </test> <!-- Default test -->
  </suite> <!-- Default suite -->
</testng-results>
